This file contains any messages produced by compilers while
running configure, to aid debugging if configure makes a mistake.

It was created by OPCUAServer configure 1.0, which was
generated by GNU Autoconf 2.68.  Invocation command line was

  $ ./configure 

## --------- ##
## Platform. ##
## --------- ##

hostname = opcua-VirtualBox
uname -m = i686
uname -r = 3.8.0-35-generic
uname -s = Linux
uname -v = #50~precise1-Ubuntu SMP Wed Dec 4 17:28:45 UTC 2013

/usr/bin/uname -p = unknown
/bin/uname -X     = unknown

/bin/arch              = unknown
/usr/bin/arch -k       = unknown
/usr/convex/getsysinfo = unknown
/usr/bin/hostinfo      = unknown
/bin/machine           = unknown
/usr/bin/oslevel       = unknown
/bin/universe          = unknown

PATH: /usr/lib/lightdm/lightdm
PATH: /usr/local/sbin
PATH: /usr/local/bin
PATH: /usr/sbin
PATH: /usr/bin
PATH: /sbin
PATH: /bin
PATH: /usr/games


## ----------- ##
## Core tests. ##
## ----------- ##

configure:2143: checking build system type
configure:2157: result: i686-pc-linux-gnu
configure:2177: checking host system type
configure:2190: result: i686-pc-linux-gnu
configure:2210: checking target system type
configure:2223: result: i686-pc-linux-gnu
configure:2266: checking for a BSD-compatible install
configure:2334: result: /usr/bin/install -c
configure:2345: checking whether build environment is sane
configure:2395: result: yes
configure:2536: checking for a thread-safe mkdir -p
configure:2575: result: /bin/mkdir -p
configure:2588: checking for gawk
configure:2618: result: no
configure:2588: checking for mawk
configure:2604: found /usr/bin/mawk
configure:2615: result: mawk
configure:2626: checking whether make sets $(MAKE)
configure:2648: result: yes
configure:2776: checking for gcc
configure:2792: found /usr/bin/gcc
configure:2803: result: gcc
configure:3032: checking for C compiler version
configure:3041: gcc --version >&5
gcc (Ubuntu/Linaro 4.6.3-1ubuntu5) 4.6.3
Copyright (C) 2011 Free Software Foundation, Inc.
This is free software; see the source for copying conditions.  There is NO
warranty; not even for MERCHANTABILITY or FITNESS FOR A PARTICULAR PURPOSE.

configure:3052: $? = 0
configure:3041: gcc -v >&5
Using built-in specs.
COLLECT_GCC=gcc
COLLECT_LTO_WRAPPER=/usr/lib/gcc/i686-linux-gnu/4.6/lto-wrapper
Target: i686-linux-gnu
Configured with: ../src/configure -v --with-pkgversion='Ubuntu/Linaro 4.6.3-1ubuntu5' --with-bugurl=file:///usr/share/doc/gcc-4.6/README.Bugs --enable-languages=c,c++,fortran,objc,obj-c++ --prefix=/usr --program-suffix=-4.6 --enable-shared --enable-linker-build-id --with-system-zlib --libexecdir=/usr/lib --without-included-gettext --enable-threads=posix --with-gxx-include-dir=/usr/include/c++/4.6 --libdir=/usr/lib --enable-nls --with-sysroot=/ --enable-clocale=gnu --enable-libstdcxx-debug --enable-libstdcxx-time=yes --enable-gnu-unique-object --enable-plugin --enable-objc-gc --enable-targets=all --disable-werror --with-arch-32=i686 --with-tune=generic --enable-checking=release --build=i686-linux-gnu --host=i686-linux-gnu --target=i686-linux-gnu
Thread model: posix
gcc version 4.6.3 (Ubuntu/Linaro 4.6.3-1ubuntu5) 
configure:3052: $? = 0
configure:3041: gcc -V >&5
gcc: error: unrecognized option '-V'
gcc: fatal error: no input files
compilation terminated.
configure:3052: $? = 4
configure:3041: gcc -qversion >&5
gcc: error: unrecognized option '-qversion'
gcc: fatal error: no input files
compilation terminated.
configure:3052: $? = 4
configure:3072: checking whether the C compiler works
configure:3094: gcc    conftest.c  >&5
configure:3098: $? = 0
configure:3146: result: yes
configure:3149: checking for C compiler default output file name
configure:3151: result: a.out
configure:3157: checking for suffix of executables
configure:3164: gcc -o conftest    conftest.c  >&5
configure:3168: $? = 0
configure:3190: result: 
configure:3212: checking whether we are cross compiling
configure:3220: gcc -o conftest    conftest.c  >&5
configure:3224: $? = 0
configure:3231: ./conftest
configure:3235: $? = 0
configure:3250: result: no
configure:3255: checking for suffix of object files
configure:3277: gcc -c   conftest.c >&5
configure:3281: $? = 0
configure:3302: result: o
configure:3306: checking whether we are using the GNU C compiler
configure:3325: gcc -c   conftest.c >&5
configure:3325: $? = 0
configure:3334: result: yes
configure:3343: checking whether gcc accepts -g
configure:3363: gcc -c -g  conftest.c >&5
configure:3363: $? = 0
configure:3404: result: yes
configure:3421: checking for gcc option to accept ISO C89
configure:3485: gcc  -c -g -O2  conftest.c >&5
configure:3485: $? = 0
configure:3498: result: none needed
configure:3529: checking for style of include used by make
configure:3557: result: GNU
configure:3583: checking dependency style of gcc
configure:3694: result: gcc3
configure:3710: checking whether gcc and cc understand -c and -o together
configure:3741: gcc -c conftest.c -o conftest2.o >&5
configure:3745: $? = 0
configure:3751: gcc -c conftest.c -o conftest2.o >&5
configure:3755: $? = 0
configure:3766: cc -c conftest.c >&5
configure:3770: $? = 0
configure:3778: cc -c conftest.c -o conftest2.o >&5
configure:3782: $? = 0
configure:3788: cc -c conftest.c -o conftest2.o >&5
configure:3792: $? = 0
configure:3810: result: yes
configure:3836: checking for exp in -lm
configure:3861: gcc -o conftest -g -O2   conftest.c -lm   >&5
conftest.c:18:6: warning: conflicting types for built-in function 'exp' [enabled by default]
configure:3861: $? = 0
configure:3870: result: yes
configure:3937: checking for pkg-config
configure:3955: found /usr/bin/pkg-config
configure:3967: result: /usr/bin/pkg-config
configure:3992: checking pkg-config is at least version 0.9.0
configure:3995: result: yes
configure:4005: checking for CHECK
configure:4012: $PKG_CONFIG --exists --print-errors "check >= 0.9.4"
configure:4015: $? = 0
configure:4029: $PKG_CONFIG --exists --print-errors "check >= 0.9.4"
configure:4032: $? = 0
configure:4074: result: yes
configure:4132: checking how to print strings
configure:4159: result: printf
configure:4180: checking for a sed that does not truncate output
configure:4244: result: /bin/sed
configure:4262: checking for grep that handles long lines and -e
configure:4320: result: /bin/grep
configure:4325: checking for egrep
configure:4387: result: /bin/grep -E
configure:4392: checking for fgrep
configure:4454: result: /bin/grep -F
configure:4489: checking for ld used by gcc
configure:4556: result: /usr/bin/ld
configure:4563: checking if the linker (/usr/bin/ld) is GNU ld
configure:4578: result: yes
configure:4590: checking for BSD- or MS-compatible name lister (nm)
configure:4639: result: /usr/bin/nm -B
configure:4769: checking the name lister (/usr/bin/nm -B) interface
configure:4776: gcc -c -g -O2  conftest.c >&5
configure:4779: /usr/bin/nm -B "conftest.o"
configure:4782: output
00000000 B some_variable
configure:4789: result: BSD nm
configure:4792: checking whether ln -s works
configure:4796: result: yes
configure:4804: checking the maximum length of command line arguments
configure:4934: result: 1572864
configure:4951: checking whether the shell understands some XSI constructs
configure:4961: result: yes
configure:4965: checking whether the shell understands "+="
configure:4971: result: yes
configure:5006: checking how to convert i686-pc-linux-gnu file names to i686-pc-linux-gnu format
configure:5046: result: func_convert_file_noop
configure:5053: checking how to convert i686-pc-linux-gnu file names to toolchain format
configure:5073: result: func_convert_file_noop
configure:5080: checking for /usr/bin/ld option to reload object files
configure:5087: result: -r
configure:5161: checking for objdump
configure:5177: found /usr/bin/objdump
configure:5188: result: objdump
configure:5220: checking how to recognize dependent libraries
configure:5422: result: pass_all
configure:5507: checking for dlltool
configure:5537: result: no
configure:5567: checking how to associate runtime and link libraries
configure:5594: result: printf %s\n
configure:5654: checking for ar
configure:5670: found /usr/bin/ar
configure:5681: result: ar
configure:5718: checking for archiver @FILE support
configure:5735: gcc -c -g -O2  conftest.c >&5
configure:5735: $? = 0
configure:5738: ar cru libconftest.a @conftest.lst >&5
configure:5741: $? = 0
configure:5746: ar cru libconftest.a @conftest.lst >&5
ar: conftest.o: No such file or directory
configure:5749: $? = 1
configure:5761: result: @
configure:5819: checking for strip
configure:5835: found /usr/bin/strip
configure:5846: result: strip
configure:5918: checking for ranlib
configure:5934: found /usr/bin/ranlib
configure:5945: result: ranlib
configure:6047: checking command to parse /usr/bin/nm -B output from gcc object
configure:6167: gcc -c -g -O2  conftest.c >&5
configure:6170: $? = 0
configure:6174: /usr/bin/nm -B conftest.o \| sed -n -e 's/^.*[ ]\([ABCDGIRSTW][ABCDGIRSTW]*\)[ ][ ]*\([_A-Za-z][_A-Za-z0-9]*\)$/\1 \2 \2/p' | sed '/ __gnu_lto/d' \> conftest.nm
configure:6177: $? = 0
configure:6243: gcc -o conftest -g -O2   conftest.c conftstm.o >&5
configure:6246: $? = 0
configure:6284: result: ok
configure:6321: checking for sysroot
configure:6351: result: no
configure:6607: checking for mt
configure:6623: found /bin/mt
configure:6634: result: mt
configure:6657: checking if mt is a manifest tool
configure:6663: mt '-?'
configure:6671: result: no
configure:7313: checking how to run the C preprocessor
configure:7344: gcc -E  conftest.c
configure:7344: $? = 0
configure:7358: gcc -E  conftest.c
conftest.c:12:28: fatal error: ac_nonexistent.h: No such file or directory
compilation terminated.
configure:7358: $? = 1
configure: failed program was:
| /* confdefs.h */
| #define PACKAGE_NAME "OPCUAServer"
| #define PACKAGE_TARNAME "opcuaserver"
| #define PACKAGE_VERSION "1.0"
| #define PACKAGE_STRING "OPCUAServer 1.0"
| #define PACKAGE_BUGREPORT ""
| #define PACKAGE_URL ""
| #define PACKAGE "opcuaserver"
| #define VERSION "1.0"
| #define HAVE_LIBM 1
| /* end confdefs.h.  */
| #include <ac_nonexistent.h>
configure:7383: result: gcc -E
configure:7403: gcc -E  conftest.c
configure:7403: $? = 0
configure:7417: gcc -E  conftest.c
conftest.c:12:28: fatal error: ac_nonexistent.h: No such file or directory
compilation terminated.
configure:7417: $? = 1
configure: failed program was:
| /* confdefs.h */
| #define PACKAGE_NAME "OPCUAServer"
| #define PACKAGE_TARNAME "opcuaserver"
| #define PACKAGE_VERSION "1.0"
| #define PACKAGE_STRING "OPCUAServer 1.0"
| #define PACKAGE_BUGREPORT ""
| #define PACKAGE_URL ""
| #define PACKAGE "opcuaserver"
| #define VERSION "1.0"
| #define HAVE_LIBM 1
| /* end confdefs.h.  */
| #include <ac_nonexistent.h>
configure:7446: checking for ANSI C header files
configure:7466: gcc -c -g -O2  conftest.c >&5
configure:7466: $? = 0
configure:7539: gcc -o conftest -g -O2   conftest.c -lm  >&5
configure:7539: $? = 0
configure:7539: ./conftest
configure:7539: $? = 0
configure:7550: result: yes
configure:7563: checking for sys/types.h
configure:7563: gcc -c -g -O2  conftest.c >&5
configure:7563: $? = 0
configure:7563: result: yes
configure:7563: checking for sys/stat.h
configure:7563: gcc -c -g -O2  conftest.c >&5
configure:7563: $? = 0
configure:7563: result: yes
configure:7563: checking for stdlib.h
configure:7563: gcc -c -g -O2  conftest.c >&5
configure:7563: $? = 0
configure:7563: result: yes
configure:7563: checking for string.h
configure:7563: gcc -c -g -O2  conftest.c >&5
configure:7563: $? = 0
configure:7563: result: yes
configure:7563: checking for memory.h
configure:7563: gcc -c -g -O2  conftest.c >&5
configure:7563: $? = 0
configure:7563: result: yes
configure:7563: checking for strings.h
configure:7563: gcc -c -g -O2  conftest.c >&5
configure:7563: $? = 0
configure:7563: result: yes
configure:7563: checking for inttypes.h
configure:7563: gcc -c -g -O2  conftest.c >&5
configure:7563: $? = 0
configure:7563: result: yes
configure:7563: checking for stdint.h
configure:7563: gcc -c -g -O2  conftest.c >&5
configure:7563: $? = 0
configure:7563: result: yes
configure:7563: checking for unistd.h
configure:7563: gcc -c -g -O2  conftest.c >&5
configure:7563: $? = 0
configure:7563: result: yes
configure:7577: checking for dlfcn.h
configure:7577: gcc -c -g -O2  conftest.c >&5
configure:7577: $? = 0
configure:7577: result: yes
configure:7783: checking for objdir
configure:7798: result: .libs
configure:8065: checking if gcc supports -fno-rtti -fno-exceptions
configure:8083: gcc -c -g -O2  -fno-rtti -fno-exceptions conftest.c >&5
cc1: warning: command line option '-fno-rtti' is valid for C++/ObjC++ but not for C [enabled by default]
configure:8087: $? = 0
configure:8100: result: no
configure:8427: checking for gcc option to produce PIC
configure:8434: result: -fPIC -DPIC
configure:8442: checking if gcc PIC flag -fPIC -DPIC works
configure:8460: gcc -c -g -O2  -fPIC -DPIC -DPIC conftest.c >&5
configure:8464: $? = 0
configure:8477: result: yes
configure:8506: checking if gcc static flag -static works
configure:8534: result: yes
configure:8549: checking if gcc supports -c -o file.o
configure:8570: gcc -c -g -O2  -o out/conftest2.o conftest.c >&5
configure:8574: $? = 0
configure:8596: result: yes
configure:8604: checking if gcc supports -c -o file.o
configure:8651: result: yes
configure:8684: checking whether the gcc linker (/usr/bin/ld) supports shared libraries
configure:9841: result: yes
configure:9878: checking whether -lc should be explicitly linked in
configure:9886: gcc -c -g -O2  conftest.c >&5
configure:9889: $? = 0
configure:9904: gcc -shared  -fPIC -DPIC conftest.o  -v -Wl,-soname -Wl,conftest -o conftest 2\>\&1 \| /bin/grep  -lc  \>/dev/null 2\>\&1
configure:9907: $? = 0
configure:9921: result: no
configure:10081: checking dynamic linker characteristics
configure:10592: gcc -o conftest -g -O2   -Wl,-rpath -Wl,/foo conftest.c -lm  >&5
configure:10592: $? = 0
configure:10826: result: GNU/Linux ld.so
configure:10933: checking how to hardcode library paths into programs
configure:10958: result: immediate
configure:11498: checking whether stripping libraries is possible
configure:11503: result: yes
configure:11538: checking if libtool supports shared libraries
configure:11540: result: yes
configure:11543: checking whether to build shared libraries
configure:11564: result: yes
configure:11567: checking whether to build static libraries
configure:11571: result: yes
configure:11782: creating ./config.status

## ---------------------- ##
## Running config.status. ##
## ---------------------- ##

This file was extended by OPCUAServer config.status 1.0, which was
generated by GNU Autoconf 2.68.  Invocation command line was

  CONFIG_FILES    = 
  CONFIG_HEADERS  = 
  CONFIG_LINKS    = 
  CONFIG_COMMANDS = 
  $ ./config.status 

on opcua-VirtualBox

config.status:1024: creating Makefile
config.status:1024: creating src/Makefile
config.status:1024: creating tests/Makefile
config.status:1196: executing depfiles commands
config.status:1196: executing libtool commands

## ---------------- ##
## Cache variables. ##
## ---------------- ##

ac_cv_build=i686-pc-linux-gnu
ac_cv_c_compiler_gnu=yes
ac_cv_env_CC_set=
ac_cv_env_CC_value=
ac_cv_env_CFLAGS_set=
ac_cv_env_CFLAGS_value=
ac_cv_env_CHECK_CFLAGS_set=
ac_cv_env_CHECK_CFLAGS_value=
ac_cv_env_CHECK_LIBS_set=
ac_cv_env_CHECK_LIBS_value=
ac_cv_env_CPPFLAGS_set=
ac_cv_env_CPPFLAGS_value=
ac_cv_env_CPP_set=
ac_cv_env_CPP_value=
ac_cv_env_LDFLAGS_set=
ac_cv_env_LDFLAGS_value=
ac_cv_env_LIBS_set=
ac_cv_env_LIBS_value=
ac_cv_env_PKG_CONFIG_LIBDIR_set=
ac_cv_env_PKG_CONFIG_LIBDIR_value=
ac_cv_env_PKG_CONFIG_PATH_set=
ac_cv_env_PKG_CONFIG_PATH_value=
ac_cv_env_PKG_CONFIG_set=
ac_cv_env_PKG_CONFIG_value=
ac_cv_env_build_alias_set=
ac_cv_env_build_alias_value=
ac_cv_env_host_alias_set=
ac_cv_env_host_alias_value=
ac_cv_env_target_alias_set=
ac_cv_env_target_alias_value=
ac_cv_header_dlfcn_h=yes
ac_cv_header_inttypes_h=yes
ac_cv_header_memory_h=yes
ac_cv_header_stdc=yes
ac_cv_header_stdint_h=yes
ac_cv_header_stdlib_h=yes
ac_cv_header_string_h=yes
ac_cv_header_strings_h=yes
ac_cv_header_sys_stat_h=yes
ac_cv_header_sys_types_h=yes
ac_cv_header_unistd_h=yes
ac_cv_host=i686-pc-linux-gnu
ac_cv_lib_m_exp=yes
ac_cv_objext=o
ac_cv_path_EGREP='/bin/grep -E'
ac_cv_path_FGREP='/bin/grep -F'
ac_cv_path_GREP=/bin/grep
ac_cv_path_SED=/bin/sed
ac_cv_path_ac_pt_PKG_CONFIG=/usr/bin/pkg-config
ac_cv_path_install='/usr/bin/install -c'
ac_cv_path_mkdir=/bin/mkdir
ac_cv_prog_AWK=mawk
ac_cv_prog_CPP='gcc -E'
ac_cv_prog_ac_ct_AR=ar
ac_cv_prog_ac_ct_CC=gcc
ac_cv_prog_ac_ct_MANIFEST_TOOL=mt
ac_cv_prog_ac_ct_OBJDUMP=objdump
ac_cv_prog_ac_ct_RANLIB=ranlib
ac_cv_prog_ac_ct_STRIP=strip
ac_cv_prog_cc_c89=
ac_cv_prog_cc_g=yes
ac_cv_prog_cc_gcc_c_o=yes
ac_cv_prog_make_make_set=yes
ac_cv_target=i686-pc-linux-gnu
am_cv_CC_dependencies_compiler_type=gcc3
lt_cv_ar_at_file=@
lt_cv_archive_cmds_need_lc=no
lt_cv_deplibs_check_method=pass_all
lt_cv_file_magic_cmd='$MAGIC_CMD'
lt_cv_file_magic_test_file=
lt_cv_ld_reload_flag=-r
lt_cv_nm_interface='BSD nm'
lt_cv_objdir=.libs
lt_cv_path_LD=/usr/bin/ld
lt_cv_path_NM='/usr/bin/nm -B'
lt_cv_path_mainfest_tool=no
lt_cv_prog_compiler_c_o=yes
lt_cv_prog_compiler_pic='-fPIC -DPIC'
lt_cv_prog_compiler_pic_works=yes
lt_cv_prog_compiler_rtti_exceptions=no
lt_cv_prog_compiler_static_works=yes
lt_cv_prog_gnu_ld=yes
lt_cv_sharedlib_from_linklib_cmd='printf %s\n'
lt_cv_shlibpath_overrides_runpath=no
lt_cv_sys_global_symbol_pipe='sed -n -e '\''s/^.*[	 ]\([ABCDGIRSTW][ABCDGIRSTW]*\)[	 ][	 ]*\([_A-Za-z][_A-Za-z0-9]*\)$/\1 \2 \2/p'\'' | sed '\''/ __gnu_lto/d'\'''
lt_cv_sys_global_symbol_to_c_name_address='sed -n -e '\''s/^: \([^ ]*\)[ ]*$/  {\"\1\", (void *) 0},/p'\'' -e '\''s/^[ABCDGIRSTW]* \([^ ]*\) \([^ ]*\)$/  {"\2", (void *) \&\2},/p'\'''
lt_cv_sys_global_symbol_to_c_name_address_lib_prefix='sed -n -e '\''s/^: \([^ ]*\)[ ]*$/  {\"\1\", (void *) 0},/p'\'' -e '\''s/^[ABCDGIRSTW]* \([^ ]*\) \(lib[^ ]*\)$/  {"\2", (void *) \&\2},/p'\'' -e '\''s/^[ABCDGIRSTW]* \([^ ]*\) \([^ ]*\)$/  {"lib\2", (void *) \&\2},/p'\'''
lt_cv_sys_global_symbol_to_cdecl='sed -n -e '\''s/^T .* \(.*\)$/extern int \1();/p'\'' -e '\''s/^[ABCDGIRSTW]* .* \(.*\)$/extern char \1;/p'\'''
lt_cv_sys_max_cmd_len=1572864
lt_cv_to_host_file_cmd=func_convert_file_noop
lt_cv_to_tool_file_cmd=func_convert_file_noop
pkg_cv_CHECK_CFLAGS=' '
pkg_cv_CHECK_LIBS='-lcheck_pic  '

## ----------------- ##
## Output variables. ##
## ----------------- ##

ACLOCAL='${SHELL} /home/opcua/git/opcUaStack/OPCUAServer/missing --run aclocal-1.11'
AMDEPBACKSLASH='\'
AMDEP_FALSE='#'
AMDEP_TRUE=''
AMTAR='$${TAR-tar}'
AR='ar'
AUTOCONF='${SHELL} /home/opcua/git/opcUaStack/OPCUAServer/missing --run autoconf'
AUTOHEADER='${SHELL} /home/opcua/git/opcUaStack/OPCUAServer/missing --run autoheader'
AUTOMAKE='${SHELL} /home/opcua/git/opcUaStack/OPCUAServer/missing --run automake-1.11'
AWK='mawk'
CC='gcc'
CCDEPMODE='depmode=gcc3'
CFLAGS='-g -O2'
CHECK_CFLAGS=' '
CHECK_LIBS='-lcheck_pic  '
CPP='gcc -E'
CPPFLAGS=''
CYGPATH_W='echo'
DEFS='-DPACKAGE_NAME=\"OPCUAServer\" -DPACKAGE_TARNAME=\"opcuaserver\" -DPACKAGE_VERSION=\"1.0\" -DPACKAGE_STRING=\"OPCUAServer\ 1.0\" -DPACKAGE_BUGREPORT=\"\" -DPACKAGE_URL=\"\" -DPACKAGE=\"opcuaserver\" -DVERSION=\"1.0\" -DHAVE_LIBM=1 -DSTDC_HEADERS=1 -DHAVE_SYS_TYPES_H=1 -DHAVE_SYS_STAT_H=1 -DHAVE_STDLIB_H=1 -DHAVE_STRING_H=1 -DHAVE_MEMORY_H=1 -DHAVE_STRINGS_H=1 -DHAVE_INTTYPES_H=1 -DHAVE_STDINT_H=1 -DHAVE_UNISTD_H=1 -DHAVE_DLFCN_H=1 -DLT_OBJDIR=\".libs/\"'
DEPDIR='.deps'
DLLTOOL='false'
DSYMUTIL=''
DUMPBIN=''
ECHO_C=''
ECHO_N='-n'
ECHO_T=''
EGREP='/bin/grep -E'
EXEEXT=''
FGREP='/bin/grep -F'
GREP='/bin/grep'
HAVE_CHECK_FALSE='#'
HAVE_CHECK_TRUE=''
INSTALL_DATA='${INSTALL} -m 644'
INSTALL_PROGRAM='${INSTALL}'
INSTALL_SCRIPT='${INSTALL}'
INSTALL_STRIP_PROGRAM='$(install_sh) -c -s'
LD='/usr/bin/ld'
LDFLAGS=''
LIBOBJS=''
LIBS='-lm '
LIBTOOL='$(SHELL) $(top_builddir)/libtool'
LIPO=''
LN_S='ln -s'
LTLIBOBJS=''
MAKEINFO='${SHELL} /home/opcua/git/opcUaStack/OPCUAServer/missing --run makeinfo'
MANIFEST_TOOL=':'
MKDIR_P='/bin/mkdir -p'
NM='/usr/bin/nm -B'
NMEDIT=''
OBJDUMP='objdump'
OBJEXT='o'
OTOOL64=''
OTOOL=''
PACKAGE='opcuaserver'
PACKAGE_BUGREPORT=''
PACKAGE_NAME='OPCUAServer'
PACKAGE_STRING='OPCUAServer 1.0'
PACKAGE_TARNAME='opcuaserver'
PACKAGE_URL=''
PACKAGE_VERSION='1.0'
PATH_SEPARATOR=':'
PKG_CONFIG='/usr/bin/pkg-config'
PKG_CONFIG_LIBDIR=''
PKG_CONFIG_PATH=''
RANLIB='ranlib'
SED='/bin/sed'
SET_MAKE=''
SHELL='/bin/bash'
STRIP='strip'
VERSION='1.0'
ac_ct_AR='ar'
ac_ct_CC='gcc'
ac_ct_DUMPBIN=''
am__EXEEXT_FALSE=''
am__EXEEXT_TRUE='#'
am__fastdepCC_FALSE='#'
am__fastdepCC_TRUE=''
am__include='include'
am__isrc=''
am__leading_dot='.'
am__nodep='_no'
am__quote=''
am__tar='$${TAR-tar} chof - "$$tardir"'
am__untar='$${TAR-tar} xf -'
bindir='${exec_prefix}/bin'
build='i686-pc-linux-gnu'
build_alias=''
build_cpu='i686'
build_os='linux-gnu'
build_vendor='pc'
datadir='${datarootdir}'
datarootdir='${prefix}/share'
docdir='${datarootdir}/doc/${PACKAGE_TARNAME}'
dvidir='${docdir}'
exec_prefix='${prefix}'
host='i686-pc-linux-gnu'
host_alias=''
host_cpu='i686'
host_os='linux-gnu'
host_vendor='pc'
htmldir='${docdir}'
includedir='${prefix}/include'
infodir='${datarootdir}/info'
install_sh='${SHELL} /home/opcua/git/opcUaStack/OPCUAServer/install-sh'
libdir='${exec_prefix}/lib'
libexecdir='${exec_prefix}/libexec'
localedir='${datarootdir}/locale'
localstatedir='${prefix}/var'
mandir='${datarootdir}/man'
mkdir_p='/bin/mkdir -p'
oldincludedir='/usr/include'
pdfdir='${docdir}'
prefix='/usr/local'
program_transform_name='s,x,x,'
psdir='${docdir}'
sbindir='${exec_prefix}/sbin'
sharedstatedir='${prefix}/com'
sysconfdir='${prefix}/etc'
target='i686-pc-linux-gnu'
target_alias=''
target_cpu='i686'
target_os='linux-gnu'
target_vendor='pc'

## ----------- ##
## confdefs.h. ##
## ----------- ##

/* confdefs.h */
#define PACKAGE_NAME "OPCUAServer"
#define PACKAGE_TARNAME "opcuaserver"
#define PACKAGE_VERSION "1.0"
#define PACKAGE_STRING "OPCUAServer 1.0"
#define PACKAGE_BUGREPORT ""
#define PACKAGE_URL ""
#define PACKAGE "opcuaserver"
#define VERSION "1.0"
#define HAVE_LIBM 1
#define STDC_HEADERS 1
#define HAVE_SYS_TYPES_H 1
#define HAVE_SYS_STAT_H 1
#define HAVE_STDLIB_H 1
#define HAVE_STRING_H 1
#define HAVE_MEMORY_H 1
#define HAVE_STRINGS_H 1
#define HAVE_INTTYPES_H 1
#define HAVE_STDINT_H 1
#define HAVE_UNISTD_H 1
#define HAVE_DLFCN_H 1
#define LT_OBJDIR ".libs/"

configure: exit 0
