This file contains any messages produced by compilers while
running configure, to aid debugging if configure makes a mistake.

It was created by OPCUAServer configure 1.0, which was
generated by GNU Autoconf 2.68.  Invocation command line was

  $ ./configure 

## --------- ##
## Platform. ##
## --------- ##

hostname = opcua-VirtualBox
uname -m = i686
uname -r = 3.8.0-35-generic
uname -s = Linux
uname -v = #52~precise1-Ubuntu SMP Thu Jan 30 17:27:28 UTC 2014

/usr/bin/uname -p = unknown
/bin/uname -X     = unknown

/bin/arch              = unknown
/usr/bin/arch -k       = unknown
/usr/convex/getsysinfo = unknown
/usr/bin/hostinfo      = unknown
/bin/machine           = unknown
/usr/bin/oslevel       = unknown
/bin/universe          = unknown

PATH: /usr/lib/lightdm/lightdm
PATH: /usr/local/sbin
PATH: /usr/local/bin
PATH: /usr/sbin
PATH: /usr/bin
PATH: /sbin
PATH: /bin
PATH: /usr/games


## ----------- ##
## Core tests. ##
## ----------- ##

configure:2152: checking build system type
configure:2166: result: i686-pc-linux-gnu
configure:2186: checking host system type
configure:2199: result: i686-pc-linux-gnu
configure:2219: checking target system type
configure:2232: result: i686-pc-linux-gnu
configure:2275: checking for a BSD-compatible install
configure:2343: result: /usr/bin/install -c
configure:2354: checking whether build environment is sane
configure:2404: result: yes
configure:2545: checking for a thread-safe mkdir -p
configure:2584: result: /bin/mkdir -p
configure:2597: checking for gawk
configure:2627: result: no
configure:2597: checking for mawk
configure:2613: found /usr/bin/mawk
configure:2624: result: mawk
configure:2635: checking whether make sets $(MAKE)
configure:2657: result: yes
configure:2737: checking whether make sets $(MAKE)
configure:2759: result: yes
configure:2819: checking for gcc
configure:2835: found /usr/bin/gcc
configure:2846: result: gcc
configure:3075: checking for C compiler version
configure:3084: gcc --version >&5
gcc (Ubuntu/Linaro 4.6.3-1ubuntu5) 4.6.3
Copyright (C) 2011 Free Software Foundation, Inc.
This is free software; see the source for copying conditions.  There is NO
warranty; not even for MERCHANTABILITY or FITNESS FOR A PARTICULAR PURPOSE.

configure:3095: $? = 0
configure:3084: gcc -v >&5
Using built-in specs.
COLLECT_GCC=gcc
COLLECT_LTO_WRAPPER=/usr/lib/gcc/i686-linux-gnu/4.6/lto-wrapper
Target: i686-linux-gnu
Configured with: ../src/configure -v --with-pkgversion='Ubuntu/Linaro 4.6.3-1ubuntu5' --with-bugurl=file:///usr/share/doc/gcc-4.6/README.Bugs --enable-languages=c,c++,fortran,objc,obj-c++ --prefix=/usr --program-suffix=-4.6 --enable-shared --enable-linker-build-id --with-system-zlib --libexecdir=/usr/lib --without-included-gettext --enable-threads=posix --with-gxx-include-dir=/usr/include/c++/4.6 --libdir=/usr/lib --enable-nls --with-sysroot=/ --enable-clocale=gnu --enable-libstdcxx-debug --enable-libstdcxx-time=yes --enable-gnu-unique-object --enable-plugin --enable-objc-gc --enable-targets=all --disable-werror --with-arch-32=i686 --with-tune=generic --enable-checking=release --build=i686-linux-gnu --host=i686-linux-gnu --target=i686-linux-gnu
Thread model: posix
gcc version 4.6.3 (Ubuntu/Linaro 4.6.3-1ubuntu5) 
configure:3095: $? = 0
configure:3084: gcc -V >&5
gcc: error: unrecognized option '-V'
gcc: fatal error: no input files
compilation terminated.
configure:3095: $? = 4
configure:3084: gcc -qversion >&5
gcc: error: unrecognized option '-qversion'
gcc: fatal error: no input files
compilation terminated.
configure:3095: $? = 4
configure:3115: checking whether the C compiler works
configure:3137: gcc -O2   conftest.c  >&5
configure:3141: $? = 0
configure:3189: result: yes
configure:3192: checking for C compiler default output file name
configure:3194: result: a.out
configure:3200: checking for suffix of executables
configure:3207: gcc -o conftest -O2   conftest.c  >&5
configure:3211: $? = 0
configure:3233: result: 
configure:3255: checking whether we are cross compiling
configure:3263: gcc -o conftest -O2   conftest.c  >&5
configure:3267: $? = 0
configure:3274: ./conftest
configure:3278: $? = 0
configure:3293: result: no
configure:3298: checking for suffix of object files
configure:3320: gcc -c -O2  conftest.c >&5
configure:3324: $? = 0
configure:3345: result: o
configure:3349: checking whether we are using the GNU C compiler
configure:3368: gcc -c -O2  conftest.c >&5
configure:3368: $? = 0
configure:3377: result: yes
configure:3386: checking whether gcc accepts -g
configure:3406: gcc -c -g  conftest.c >&5
configure:3406: $? = 0
configure:3447: result: yes
configure:3464: checking for gcc option to accept ISO C89
configure:3528: gcc  -c -O2  conftest.c >&5
configure:3528: $? = 0
configure:3541: result: none needed
configure:3572: checking for style of include used by make
configure:3600: result: GNU
configure:3626: checking dependency style of gcc
configure:3737: result: gcc3
configure:3752: checking whether ln -s works
configure:3756: result: yes
configure:3764: checking whether gcc and cc understand -c and -o together
configure:3795: gcc -c conftest.c -o conftest2.o >&5
configure:3799: $? = 0
configure:3805: gcc -c conftest.c -o conftest2.o >&5
configure:3809: $? = 0
configure:3820: cc -c conftest.c >&5
configure:3824: $? = 0
configure:3832: cc -c conftest.c -o conftest2.o >&5
configure:3836: $? = 0
configure:3842: cc -c conftest.c -o conftest2.o >&5
configure:3846: $? = 0
configure:3864: result: yes
configure:3890: checking for exp in -lm
configure:3915: gcc -o conftest -O2   conftest.c -lm   >&5
conftest.c:18:6: warning: conflicting types for built-in function 'exp' [enabled by default]
configure:3915: $? = 0
configure:3924: result: yes
configure:3991: checking for pkg-config
configure:4009: found /usr/bin/pkg-config
configure:4021: result: /usr/bin/pkg-config
configure:4046: checking pkg-config is at least version 0.9.0
configure:4049: result: yes
configure:4059: checking for CHECK
configure:4066: $PKG_CONFIG --exists --print-errors "check >= 0.9.12"
configure:4069: $? = 0
configure:4083: $PKG_CONFIG --exists --print-errors "check >= 0.9.12"
configure:4086: $? = 0
configure:4128: result: yes
configure:4537: checking how to print strings
configure:4564: result: printf
configure:4585: checking for a sed that does not truncate output
configure:4649: result: /bin/sed
configure:4667: checking for grep that handles long lines and -e
configure:4725: result: /bin/grep
configure:4730: checking for egrep
configure:4792: result: /bin/grep -E
configure:4797: checking for fgrep
configure:4859: result: /bin/grep -F
configure:4894: checking for ld used by gcc
configure:4961: result: /usr/bin/ld
configure:4968: checking if the linker (/usr/bin/ld) is GNU ld
configure:4983: result: yes
configure:4995: checking for BSD- or MS-compatible name lister (nm)
configure:5044: result: /usr/bin/nm -B
configure:5174: checking the name lister (/usr/bin/nm -B) interface
configure:5181: gcc -c -O2  conftest.c >&5
configure:5184: /usr/bin/nm -B "conftest.o"
configure:5187: output
00000000 B some_variable
configure:5194: result: BSD nm
configure:5198: checking the maximum length of command line arguments
configure:5328: result: 1572864
configure:5345: checking whether the shell understands some XSI constructs
configure:5355: result: yes
configure:5359: checking whether the shell understands "+="
configure:5365: result: yes
configure:5400: checking how to convert i686-pc-linux-gnu file names to i686-pc-linux-gnu format
configure:5440: result: func_convert_file_noop
configure:5447: checking how to convert i686-pc-linux-gnu file names to toolchain format
configure:5467: result: func_convert_file_noop
configure:5474: checking for /usr/bin/ld option to reload object files
configure:5481: result: -r
configure:5555: checking for objdump
configure:5582: result: objdump
configure:5611: checking how to recognize dependent libraries
configure:5813: result: pass_all
configure:5898: checking for dlltool
configure:5925: result: dlltool
configure:5955: checking how to associate runtime and link libraries
configure:5982: result: printf %s\n
configure:6042: checking for ar
configure:6058: found /usr/bin/ar
configure:6069: result: ar
configure:6106: checking for archiver @FILE support
configure:6123: gcc -c -O2  conftest.c >&5
configure:6123: $? = 0
configure:6126: ar cru libconftest.a @conftest.lst >&5
configure:6129: $? = 0
configure:6134: ar cru libconftest.a @conftest.lst >&5
ar: conftest.o: No such file or directory
configure:6137: $? = 1
configure:6149: result: @
configure:6207: checking for strip
configure:6223: found /usr/bin/strip
configure:6234: result: strip
configure:6306: checking for ranlib
configure:6322: found /usr/bin/ranlib
configure:6333: result: ranlib
configure:6435: checking command to parse /usr/bin/nm -B output from gcc object
configure:6555: gcc -c -O2  conftest.c >&5
configure:6558: $? = 0
configure:6562: /usr/bin/nm -B conftest.o \| sed -n -e 's/^.*[ ]\([ABCDGIRSTW][ABCDGIRSTW]*\)[ ][ ]*\([_A-Za-z][_A-Za-z0-9]*\)$/\1 \2 \2/p' | sed '/ __gnu_lto/d' \> conftest.nm
configure:6565: $? = 0
configure:6631: gcc -o conftest -O2   conftest.c conftstm.o >&5
configure:6634: $? = 0
configure:6672: result: ok
configure:6709: checking for sysroot
configure:6739: result: no
configure:6995: checking for mt
configure:7011: found /bin/mt
configure:7022: result: mt
configure:7045: checking if mt is a manifest tool
configure:7051: mt '-?'
configure:7059: result: no
configure:7701: checking how to run the C preprocessor
configure:7732: gcc -E  conftest.c
configure:7732: $? = 0
configure:7746: gcc -E  conftest.c
conftest.c:13:28: fatal error: ac_nonexistent.h: No such file or directory
compilation terminated.
configure:7746: $? = 1
configure: failed program was:
| /* confdefs.h */
| #define PACKAGE_NAME "OPCUAServer"
| #define PACKAGE_TARNAME "opcuaserver"
| #define PACKAGE_VERSION "1.0"
| #define PACKAGE_STRING "OPCUAServer 1.0"
| #define PACKAGE_BUGREPORT ""
| #define PACKAGE_URL ""
| #define PACKAGE "opcuaserver"
| #define VERSION "1.0"
| #define HAVE_LIBM 1
| #define LINUX 1
| /* end confdefs.h.  */
| #include <ac_nonexistent.h>
configure:7771: result: gcc -E
configure:7791: gcc -E  conftest.c
configure:7791: $? = 0
configure:7805: gcc -E  conftest.c
conftest.c:13:28: fatal error: ac_nonexistent.h: No such file or directory
compilation terminated.
configure:7805: $? = 1
configure: failed program was:
| /* confdefs.h */
| #define PACKAGE_NAME "OPCUAServer"
| #define PACKAGE_TARNAME "opcuaserver"
| #define PACKAGE_VERSION "1.0"
| #define PACKAGE_STRING "OPCUAServer 1.0"
| #define PACKAGE_BUGREPORT ""
| #define PACKAGE_URL ""
| #define PACKAGE "opcuaserver"
| #define VERSION "1.0"
| #define HAVE_LIBM 1
| #define LINUX 1
| /* end confdefs.h.  */
| #include <ac_nonexistent.h>
configure:7834: checking for ANSI C header files
configure:7854: gcc -c -O2  conftest.c >&5
configure:7854: $? = 0
configure:7927: gcc -o conftest -O2   conftest.c -lm  >&5
configure:7927: $? = 0
configure:7927: ./conftest
configure:7927: $? = 0
configure:7938: result: yes
configure:7951: checking for sys/types.h
configure:7951: gcc -c -O2  conftest.c >&5
configure:7951: $? = 0
configure:7951: result: yes
configure:7951: checking for sys/stat.h
configure:7951: gcc -c -O2  conftest.c >&5
configure:7951: $? = 0
configure:7951: result: yes
configure:7951: checking for stdlib.h
configure:7951: gcc -c -O2  conftest.c >&5
configure:7951: $? = 0
configure:7951: result: yes
configure:7951: checking for string.h
configure:7951: gcc -c -O2  conftest.c >&5
configure:7951: $? = 0
configure:7951: result: yes
configure:7951: checking for memory.h
configure:7951: gcc -c -O2  conftest.c >&5
configure:7951: $? = 0
configure:7951: result: yes
configure:7951: checking for strings.h
configure:7951: gcc -c -O2  conftest.c >&5
configure:7951: $? = 0
configure:7951: result: yes
configure:7951: checking for inttypes.h
configure:7951: gcc -c -O2  conftest.c >&5
configure:7951: $? = 0
configure:7951: result: yes
configure:7951: checking for stdint.h
configure:7951: gcc -c -O2  conftest.c >&5
configure:7951: $? = 0
configure:7951: result: yes
configure:7951: checking for unistd.h
configure:7951: gcc -c -O2  conftest.c >&5
configure:7951: $? = 0
configure:7951: result: yes
configure:7965: checking for dlfcn.h
configure:7965: gcc -c -O2  conftest.c >&5
configure:7965: $? = 0
configure:7965: result: yes
configure:8169: checking for objdir
configure:8184: result: .libs
configure:8451: checking if gcc supports -fno-rtti -fno-exceptions
configure:8469: gcc -c -O2  -fno-rtti -fno-exceptions conftest.c >&5
cc1: warning: command line option '-fno-rtti' is valid for C++/ObjC++ but not for C [enabled by default]
configure:8473: $? = 0
configure:8486: result: no
configure:8813: checking for gcc option to produce PIC
configure:8820: result: -fPIC -DPIC
configure:8828: checking if gcc PIC flag -fPIC -DPIC works
configure:8846: gcc -c -O2  -fPIC -DPIC -DPIC conftest.c >&5
configure:8850: $? = 0
configure:8863: result: yes
configure:8892: checking if gcc static flag -static works
configure:8920: result: yes
configure:8935: checking if gcc supports -c -o file.o
configure:8956: gcc -c -O2  -o out/conftest2.o conftest.c >&5
configure:8960: $? = 0
configure:8982: result: yes
configure:8990: checking if gcc supports -c -o file.o
configure:9037: result: yes
configure:9070: checking whether the gcc linker (/usr/bin/ld) supports shared libraries
configure:10227: result: yes
configure:10264: checking whether -lc should be explicitly linked in
configure:10272: gcc -c -O2  conftest.c >&5
configure:10275: $? = 0
configure:10290: gcc -shared  -fPIC -DPIC conftest.o  -v -Wl,-soname -Wl,conftest -o conftest 2\>\&1 \| /bin/grep  -lc  \>/dev/null 2\>\&1
configure:10293: $? = 0
configure:10307: result: no
configure:10467: checking dynamic linker characteristics
configure:10978: gcc -o conftest -O2   -Wl,-rpath -Wl,/foo conftest.c -lm  >&5
configure:10978: $? = 0
configure:11212: result: GNU/Linux ld.so
configure:11319: checking how to hardcode library paths into programs
configure:11344: result: immediate
configure:11884: checking whether stripping libraries is possible
configure:11889: result: yes
configure:11924: checking if libtool supports shared libraries
configure:11926: result: yes
configure:11929: checking whether to build shared libraries
configure:11950: result: yes
configure:11953: checking whether to build static libraries
configure:11957: result: yes
configure:12179: creating ./config.status

## ---------------------- ##
## Running config.status. ##
## ---------------------- ##

This file was extended by OPCUAServer config.status 1.0, which was
generated by GNU Autoconf 2.68.  Invocation command line was

  CONFIG_FILES    = 
  CONFIG_HEADERS  = 
  CONFIG_LINKS    = 
  CONFIG_COMMANDS = 
  $ ./config.status 

on opcua-VirtualBox

config.status:1033: creating Makefile
config.status:1033: creating src/Makefile
config.status:1033: creating tests/Makefile
config.status:1033: creating examples/src/Makefile
config.status:1205: executing depfiles commands
config.status:1205: executing libtool commands

## ---------------- ##
## Cache variables. ##
## ---------------- ##

ac_cv_build=i686-pc-linux-gnu
ac_cv_c_compiler_gnu=yes
ac_cv_env_CC_set=
ac_cv_env_CC_value=
ac_cv_env_CFLAGS_set=
ac_cv_env_CFLAGS_value=
ac_cv_env_CHECK_CFLAGS_set=
ac_cv_env_CHECK_CFLAGS_value=
ac_cv_env_CHECK_LIBS_set=
ac_cv_env_CHECK_LIBS_value=
ac_cv_env_CPPFLAGS_set=
ac_cv_env_CPPFLAGS_value=
ac_cv_env_CPP_set=
ac_cv_env_CPP_value=
ac_cv_env_LDFLAGS_set=
ac_cv_env_LDFLAGS_value=
ac_cv_env_LIBS_set=
ac_cv_env_LIBS_value=
ac_cv_env_PKG_CONFIG_LIBDIR_set=
ac_cv_env_PKG_CONFIG_LIBDIR_value=
ac_cv_env_PKG_CONFIG_PATH_set=
ac_cv_env_PKG_CONFIG_PATH_value=
ac_cv_env_PKG_CONFIG_set=
ac_cv_env_PKG_CONFIG_value=
ac_cv_env_build_alias_set=
ac_cv_env_build_alias_value=
ac_cv_env_host_alias_set=
ac_cv_env_host_alias_value=
ac_cv_env_target_alias_set=
ac_cv_env_target_alias_value=
ac_cv_header_dlfcn_h=yes
ac_cv_header_inttypes_h=yes
ac_cv_header_memory_h=yes
ac_cv_header_stdc=yes
ac_cv_header_stdint_h=yes
ac_cv_header_stdlib_h=yes
ac_cv_header_string_h=yes
ac_cv_header_strings_h=yes
ac_cv_header_sys_stat_h=yes
ac_cv_header_sys_types_h=yes
ac_cv_header_unistd_h=yes
ac_cv_host=i686-pc-linux-gnu
ac_cv_lib_m_exp=yes
ac_cv_objext=o
ac_cv_path_EGREP='/bin/grep -E'
ac_cv_path_FGREP='/bin/grep -F'
ac_cv_path_GREP=/bin/grep
ac_cv_path_SED=/bin/sed
ac_cv_path_ac_pt_PKG_CONFIG=/usr/bin/pkg-config
ac_cv_path_install='/usr/bin/install -c'
ac_cv_path_mkdir=/bin/mkdir
ac_cv_prog_AWK=mawk
ac_cv_prog_CPP='gcc -E'
ac_cv_prog_ac_ct_AR=ar
ac_cv_prog_ac_ct_CC=gcc
ac_cv_prog_ac_ct_DLLTOOL=dlltool
ac_cv_prog_ac_ct_MANIFEST_TOOL=mt
ac_cv_prog_ac_ct_OBJDUMP=objdump
ac_cv_prog_ac_ct_RANLIB=ranlib
ac_cv_prog_ac_ct_STRIP=strip
ac_cv_prog_cc_c89=
ac_cv_prog_cc_g=yes
ac_cv_prog_cc_gcc_c_o=yes
ac_cv_prog_make_make_set=yes
ac_cv_target=i686-pc-linux-gnu
am_cv_CC_dependencies_compiler_type=gcc3
lt_cv_ar_at_file=@
lt_cv_archive_cmds_need_lc=no
lt_cv_deplibs_check_method=pass_all
lt_cv_file_magic_cmd='$MAGIC_CMD'
lt_cv_file_magic_test_file=
lt_cv_ld_reload_flag=-r
lt_cv_nm_interface='BSD nm'
lt_cv_objdir=.libs
lt_cv_path_LD=/usr/bin/ld
lt_cv_path_NM='/usr/bin/nm -B'
lt_cv_path_mainfest_tool=no
lt_cv_prog_compiler_c_o=yes
lt_cv_prog_compiler_pic='-fPIC -DPIC'
lt_cv_prog_compiler_pic_works=yes
lt_cv_prog_compiler_rtti_exceptions=no
lt_cv_prog_compiler_static_works=yes
lt_cv_prog_gnu_ld=yes
lt_cv_sharedlib_from_linklib_cmd='printf %s\n'
lt_cv_shlibpath_overrides_runpath=no
lt_cv_sys_global_symbol_pipe='sed -n -e '\''s/^.*[	 ]\([ABCDGIRSTW][ABCDGIRSTW]*\)[	 ][	 ]*\([_A-Za-z][_A-Za-z0-9]*\)$/\1 \2 \2/p'\'' | sed '\''/ __gnu_lto/d'\'''
lt_cv_sys_global_symbol_to_c_name_address='sed -n -e '\''s/^: \([^ ]*\)[ ]*$/  {\"\1\", (void *) 0},/p'\'' -e '\''s/^[ABCDGIRSTW]* \([^ ]*\) \([^ ]*\)$/  {"\2", (void *) \&\2},/p'\'''
lt_cv_sys_global_symbol_to_c_name_address_lib_prefix='sed -n -e '\''s/^: \([^ ]*\)[ ]*$/  {\"\1\", (void *) 0},/p'\'' -e '\''s/^[ABCDGIRSTW]* \([^ ]*\) \(lib[^ ]*\)$/  {"\2", (void *) \&\2},/p'\'' -e '\''s/^[ABCDGIRSTW]* \([^ ]*\) \([^ ]*\)$/  {"lib\2", (void *) \&\2},/p'\'''
lt_cv_sys_global_symbol_to_cdecl='sed -n -e '\''s/^T .* \(.*\)$/extern int \1();/p'\'' -e '\''s/^[ABCDGIRSTW]* .* \(.*\)$/extern char \1;/p'\'''
lt_cv_sys_max_cmd_len=1572864
lt_cv_to_host_file_cmd=func_convert_file_noop
lt_cv_to_tool_file_cmd=func_convert_file_noop
pkg_cv_CHECK_CFLAGS='-pthread -I/usr/local/include  '
pkg_cv_CHECK_LIBS='-L/usr/local/lib -lcheck  '

## ----------------- ##
## Output variables. ##
## ----------------- ##

ACLOCAL='${SHELL} /home/opcua/git/opcUaStack/open62541Stack/missing --run aclocal-1.11'
AMDEPBACKSLASH='\'
AMDEP_FALSE='#'
AMDEP_TRUE=''
AMTAR='$${TAR-tar}'
AR='ar'
AS='as'
AUTOCONF='${SHELL} /home/opcua/git/opcUaStack/open62541Stack/missing --run autoconf'
AUTOHEADER='${SHELL} /home/opcua/git/opcUaStack/open62541Stack/missing --run autoheader'
AUTOMAKE='${SHELL} /home/opcua/git/opcUaStack/open62541Stack/missing --run automake-1.11'
AWK='mawk'
CC='gcc'
CCDEPMODE='depmode=gcc3'
CFLAGS='-O2'
CHECK_CFLAGS='-pthread -I/usr/local/include  '
CHECK_LIBS='-L/usr/local/lib -lcheck  '
CPP='gcc -E'
CPPFLAGS=''
CYGPATH_W='echo'
DEBUG_FALSE=''
DEBUG_TRUE='#'
DEFS='-DPACKAGE_NAME=\"OPCUAServer\" -DPACKAGE_TARNAME=\"opcuaserver\" -DPACKAGE_VERSION=\"1.0\" -DPACKAGE_STRING=\"OPCUAServer\ 1.0\" -DPACKAGE_BUGREPORT=\"\" -DPACKAGE_URL=\"\" -DPACKAGE=\"opcuaserver\" -DVERSION=\"1.0\" -DHAVE_LIBM=1 -DLINUX=1 -DSTDC_HEADERS=1 -DHAVE_SYS_TYPES_H=1 -DHAVE_SYS_STAT_H=1 -DHAVE_STDLIB_H=1 -DHAVE_STRING_H=1 -DHAVE_MEMORY_H=1 -DHAVE_STRINGS_H=1 -DHAVE_INTTYPES_H=1 -DHAVE_STDINT_H=1 -DHAVE_UNISTD_H=1 -DHAVE_DLFCN_H=1 -DLT_OBJDIR=\".libs/\"'
DEPDIR='.deps'
DLLTOOL='dlltool'
DSYMUTIL=''
DUMPBIN=''
ECHO_C=''
ECHO_N='-n'
ECHO_T=''
EGREP='/bin/grep -E'
EXEEXT=''
FGREP='/bin/grep -F'
GREP='/bin/grep'
HAVE_CHECK_FALSE='#'
HAVE_CHECK_TRUE=''
INSTALL_DATA='${INSTALL} -m 644'
INSTALL_PROGRAM='${INSTALL}'
INSTALL_SCRIPT='${INSTALL}'
INSTALL_STRIP_PROGRAM='$(install_sh) -c -s'
LD='/usr/bin/ld'
LDFLAGS=''
LIBOBJS=''
LIBS='-lm '
LIBTOOL='$(SHELL) $(top_builddir)/libtool'
LIPO=''
LN_S='ln -s'
LTLIBOBJS=''
MAKEINFO='${SHELL} /home/opcua/git/opcUaStack/open62541Stack/missing --run makeinfo'
MANIFEST_TOOL=':'
MKDIR_P='/bin/mkdir -p'
NM='/usr/bin/nm -B'
NMEDIT=''
OBJDUMP='objdump'
OBJEXT='o'
OTOOL64=''
OTOOL=''
PACKAGE='opcuaserver'
PACKAGE_BUGREPORT=''
PACKAGE_NAME='OPCUAServer'
PACKAGE_STRING='OPCUAServer 1.0'
PACKAGE_TARNAME='opcuaserver'
PACKAGE_URL=''
PACKAGE_VERSION='1.0'
PATH_SEPARATOR=':'
PKG_CONFIG='/usr/bin/pkg-config'
PKG_CONFIG_LIBDIR=''
PKG_CONFIG_PATH=''
RANLIB='ranlib'
SED='/bin/sed'
SET_MAKE=''
SHELL='/bin/bash'
STRIP='strip'
TARGET_LINUX_FALSE='#'
TARGET_LINUX_TRUE=''
TARGET_WIN_FALSE=''
TARGET_WIN_TRUE='#'
VERSION='1.0'
ac_ct_AR='ar'
ac_ct_CC='gcc'
ac_ct_DUMPBIN=''
am__EXEEXT_FALSE=''
am__EXEEXT_TRUE='#'
am__fastdepCC_FALSE='#'
am__fastdepCC_TRUE=''
am__include='include'
am__isrc=''
am__leading_dot='.'
am__nodep='_no'
am__quote=''
am__tar='$${TAR-tar} chof - "$$tardir"'
am__untar='$${TAR-tar} xf -'
bindir='${exec_prefix}/bin'
build='i686-pc-linux-gnu'
build_alias=''
build_cpu='i686'
build_os='linux-gnu'
build_vendor='pc'
datadir='${datarootdir}'
datarootdir='${prefix}/share'
docdir='${datarootdir}/doc/${PACKAGE_TARNAME}'
dvidir='${docdir}'
exec_prefix='${prefix}'
host='i686-pc-linux-gnu'
host_alias=''
host_cpu='i686'
host_os='linux-gnu'
host_vendor='pc'
htmldir='${docdir}'
includedir='${prefix}/include'
infodir='${datarootdir}/info'
install_sh='${SHELL} /home/opcua/git/opcUaStack/open62541Stack/install-sh'
libdir='${exec_prefix}/lib'
libexecdir='${exec_prefix}/libexec'
localedir='${datarootdir}/locale'
localstatedir='${prefix}/var'
mandir='${datarootdir}/man'
mkdir_p='/bin/mkdir -p'
oldincludedir='/usr/include'
pdfdir='${docdir}'
prefix='/usr/local'
program_transform_name='s,x,x,'
psdir='${docdir}'
sbindir='${exec_prefix}/sbin'
sharedstatedir='${prefix}/com'
sysconfdir='${prefix}/etc'
target='i686-pc-linux-gnu'
target_alias=''
target_cpu='i686'
target_os='linux-gnu'
target_vendor='pc'

## ----------- ##
## confdefs.h. ##
## ----------- ##

/* confdefs.h */
#define PACKAGE_NAME "OPCUAServer"
#define PACKAGE_TARNAME "opcuaserver"
#define PACKAGE_VERSION "1.0"
#define PACKAGE_STRING "OPCUAServer 1.0"
#define PACKAGE_BUGREPORT ""
#define PACKAGE_URL ""
#define PACKAGE "opcuaserver"
#define VERSION "1.0"
#define HAVE_LIBM 1
#define LINUX 1
#define STDC_HEADERS 1
#define HAVE_SYS_TYPES_H 1
#define HAVE_SYS_STAT_H 1
#define HAVE_STDLIB_H 1
#define HAVE_STRING_H 1
#define HAVE_MEMORY_H 1
#define HAVE_STRINGS_H 1
#define HAVE_INTTYPES_H 1
#define HAVE_STDINT_H 1
#define HAVE_UNISTD_H 1
#define HAVE_DLFCN_H 1
#define LT_OBJDIR ".libs/"

configure: exit 0
